# JRE version: Java(TM) SE Runtime Environment (7.0_51-b13) (build 1.7.0_51-b13)
# Java VM: Java HotSpot(TM) Server VM (24.51-b03 mixed mode windows-x86 )
Heap
 PSYoungGen      total 227584K, used 219326K [0x35440000, 0x45440000, 0x45440000)
  eden space 196096K, 100% used [0x35440000,0x413c0000,0x413c0000)
  from space 31488K, 73% used [0x413c0000,0x42a6f8b8,0x43280000)
  to   space 31488K, 1% used [0x43580000,0x435dc000,0x45440000)
 ParOldGen       total 221952K, used 195475K [0x15440000, 0x22d00000, 0x35440000)
  object space 221952K, 88% used [0x15440000,0x21324f60,0x22d00000)
 PSPermGen       total 86272K, used 73939K [0x05440000, 0x0a880000, 0x15440000)
  object space 86272K, 85% used [0x05440000,0x09c74f38,0x0a880000)
GC Heap History (10 events):
Event: 1301.488 GC heap after
Heap after GC invocations=77 (full 6):
 PSYoungGen      total 222976K, used 17856K [0x35440000, 0x452c0000, 0x45440000)
  eden space 187904K, 0% used [0x35440000,0x35440000,0x40bc0000)
  from space 35072K, 50% used [0x40bc0000,0x41d300e0,0x42e00000)
  to   space 34304K, 0% used [0x43140000,0x43140000,0x452c0000)
 ParOldGen       total 221952K, used 194214K [0x15440000, 0x22d00000, 0x35440000)
  object space 221952K, 87% used [0x15440000,0x211e9910,0x22d00000)
 PSPermGen       total 86272K, used 72726K [0x05440000, 0x0a880000, 0x15440000)
  object space 86272K, 84% used [0x05440000,0x09b45aa0,0x0a880000)
}
Event: 1313.308 GC heap before
{Heap before GC invocations=78 (full 6):
 PSYoungGen      total 222976K, used 199932K [0x35440000, 0x452c0000, 0x45440000)
  eden space 187904K, 96% used [0x35440000,0x4060f060,0x40bc0000)
  from space 35072K, 50% used [0x40bc0000,0x41d300e0,0x42e00000)
  to   space 34304K, 0% used [0x43140000,0x43140000,0x452c0000)
 ParOldGen       total 221952K, used 194214K [0x15440000, 0x22d00000, 0x35440000)
  object space 221952K, 87% used [0x15440000,0x211e9910,0x22d00000)
 PSPermGen       total 86272K, used 72930K [0x05440000, 0x0a880000, 0x15440000)
  object space 86272K, 84% used [0x05440000,0x09b78a60,0x0a880000)
Event: 1313.431 GC heap after
Heap after GC invocations=78 (full 6):
 PSYoungGen      total 226304K, used 18103K [0x35440000, 0x45200000, 0x45440000)
  eden space 192768K, 0% used [0x35440000,0x35440000,0x41080000)
  from space 33536K, 53% used [0x43140000,0x442ede98,0x45200000)
  to   space 33536K, 0% used [0x41080000,0x41080000,0x43140000)
 ParOldGen       total 221952K, used 195475K [0x15440000, 0x22d00000, 0x35440000)
  object space 221952K, 88% used [0x15440000,0x21324f60,0x22d00000)
 PSPermGen       total 86272K, used 72930K [0x05440000, 0x0a880000, 0x15440000)
  object space 86272K, 84% used [0x05440000,0x09b78a60,0x0a880000)
}
Event: 1315.817 GC heap before
{Heap before GC invocations=79 (full 6):
 PSYoungGen      total 226304K, used 210871K [0x35440000, 0x45200000, 0x45440000)
  eden space 192768K, 100% used [0x35440000,0x41080000,0x41080000)
  from space 33536K, 53% used [0x43140000,0x442ede98,0x45200000)
  to   space 33536K, 0% used [0x41080000,0x41080000,0x43140000)
 ParOldGen       total 221952K, used 195475K [0x15440000, 0x22d00000, 0x35440000)
  object space 221952K, 88% used [0x15440000,0x21324f60,0x22d00000)
 PSPermGen       total 86272K, used 73088K [0x05440000, 0x0a880000, 0x15440000)
  object space 86272K, 84% used [0x05440000,0x09ba0050,0x0a880000)
Event: 1315.859 GC heap after
Heap after GC invocations=79 (full 6):
 PSYoungGen      total 226304K, used 19072K [0x35440000, 0x45240000, 0x45440000)
  eden space 192768K, 0% used [0x35440000,0x35440000,0x41080000)
  from space 33536K, 56% used [0x41080000,0x423200a8,0x43140000)
  to   space 32512K, 0% used [0x43280000,0x43280000,0x45240000)
 ParOldGen       total 221952K, used 195475K [0x15440000, 0x22d00000, 0x35440000)
  object space 221952K, 88% used [0x15440000,0x21324f60,0x22d00000)
 PSPermGen       total 86272K, used 73088K [0x05440000, 0x0a880000, 0x15440000)
  object space 86272K, 84% used [0x05440000,0x09ba0050,0x0a880000)
}
Event: 1341.014 GC heap before
{Heap before GC invocations=80 (full 6):
 PSYoungGen      total 226304K, used 211840K [0x35440000, 0x45240000, 0x45440000)
  eden space 192768K, 100% used [0x35440000,0x41080000,0x41080000)
  from space 33536K, 56% used [0x41080000,0x423200a8,0x43140000)
  to   space 32512K, 0% used [0x43280000,0x43280000,0x45240000)
 ParOldGen       total 221952K, used 195475K [0x15440000, 0x22d00000, 0x35440000)
  object space 221952K, 88% used [0x15440000,0x21324f60,0x22d00000)
 PSPermGen       total 86272K, used 73444K [0x05440000, 0x0a880000, 0x15440000)
  object space 86272K, 85% used [0x05440000,0x09bf9068,0x0a880000)
Event: 1342.365 GC heap after
Heap after GC invocations=80 (full 6):
 PSYoungGen      total 227584K, used 20287K [0x35440000, 0x45140000, 0x45440000)
  eden space 196096K, 0% used [0x35440000,0x35440000,0x413c0000)
  from space 31488K, 64% used [0x43280000,0x4464fda0,0x45140000)
  to   space 31488K, 0% used [0x413c0000,0x413c0000,0x43280000)
 ParOldGen       total 221952K, used 195475K [0x15440000, 0x22d00000, 0x35440000)
  object space 221952K, 88% used [0x15440000,0x21324f60,0x22d00000)
 PSPermGen       total 86272K, used 73444K [0x05440000, 0x0a880000, 0x15440000)
  object space 86272K, 85% used [0x05440000,0x09bf9068,0x0a880000)
}
Event: 1357.348 GC heap before
{Heap before GC invocations=81 (full 6):
 PSYoungGen      total 227584K, used 216383K [0x35440000, 0x45140000, 0x45440000)
  eden space 196096K, 100% used [0x35440000,0x413c0000,0x413c0000)
  from space 31488K, 64% used [0x43280000,0x4464fda0,0x45140000)
  to   space 31488K, 0% used [0x413c0000,0x413c0000,0x43280000)
 ParOldGen       total 221952K, used 195475K [0x15440000, 0x22d00000, 0x35440000)
  object space 221952K, 88% used [0x15440000,0x21324f60,0x22d00000)
 PSPermGen       total 86272K, used 73671K [0x05440000, 0x0a880000, 0x15440000)
  object space 86272K, 85% used [0x05440000,0x09c31c48,0x0a880000)
Event: 1357.375 GC heap after
Heap after GC invocations=81 (full 6):
 PSYoungGen      total 227584K, used 23230K [0x35440000, 0x45440000, 0x45440000)
  eden space 196096K, 0% used [0x35440000,0x35440000,0x413c0000)
  from space 31488K, 73% used [0x413c0000,0x42a6f8b8,0x43280000)
  to   space 31488K, 0% used [0x43580000,0x43580000,0x45440000)
 ParOldGen       total 221952K, used 195475K [0x15440000, 0x22d00000, 0x35440000)
  object space 221952K, 88% used [0x15440000,0x21324f60,0x22d00000)
 PSPermGen       total 86272K, used 73671K [0x05440000, 0x0a880000, 0x15440000)
  object space 86272K, 85% used [0x05440000,0x09c31c48,0x0a880000)
}
Event: 5518.454 GC heap before
{Heap before GC invocations=82 (full 6):
 PSYoungGen      total 227584K, used 219326K [0x35440000, 0x45440000, 0x45440000)
  eden space 196096K, 100% used [0x35440000,0x413c0000,0x413c0000)
  from space 31488K, 73% used [0x413c0000,0x42a6f8b8,0x43280000)
  to   space 31488K, 0% used [0x43580000,0x43580000,0x45440000)
 ParOldGen       total 221952K, used 195475K [0x15440000, 0x22d00000, 0x35440000)
  object space 221952K, 88% used [0x15440000,0x21324f60,0x22d00000)
 PSPermGen       total 86272K, used 73939K [0x05440000, 0x0a880000, 0x15440000)
  object space 86272K, 85% used [0x05440000,0x09c74f38,0x0a880000)

