# JRE version: Java(TM) SE Runtime Environment (7.0_51-b13) (build 1.7.0_51-b13)
# Java VM: Java HotSpot(TM) Client VM (24.51-b03 mixed mode, sharing windows-x86 )
Heap
 def new generation   total 50496K, used 42987K [0x0c320000, 0x0f9e0000, 0x16dc0000)
  eden space 44928K,  91% used [0x0c320000, 0x0eb51c68, 0x0ef00000)
  from space 5568K,  32% used [0x0f470000, 0x0f639210, 0x0f9e0000)
  to   space 5568K,   0% used [0x0ef00000, 0x0ef00000, 0x0f470000)
 tenured generation   total 111940K, used 78886K [0x16dc0000, 0x1db11000, 0x2c320000)
   the space 111940K,  70% used [0x16dc0000, 0x1bac9a70, 0x1bac9c00, 0x1db11000)
 compacting perm gen  total 24320K, used 24079K [0x2c320000, 0x2dae0000, 0x38320000)
   the space 24320K,  99% used [0x2c320000, 0x2daa3e90, 0x2daa4000, 0x2dae0000)
    ro space 10240K,  44% used [0x38320000, 0x38797e30, 0x38798000, 0x38d20000)
    rw space 12288K,  52% used [0x38d20000, 0x3936eb58, 0x3936ec00, 0x39920000)
GC Heap History (10 events):
Event: 132.318 GC heap before
{Heap before GC invocations=107 (full 6):
 def new generation   total 50496K, used 50496K [0x0c320000, 0x0f9e0000, 0x16dc0000)
  eden space 44928K, 100% used [0x0c320000, 0x0ef00000, 0x0ef00000)
  from space 5568K, 100% used [0x0ef00000, 0x0f470000, 0x0f470000)
  to   space 5568K,   0% used [0x0f470000, 0x0f470000, 0x0f9e0000)
 tenured generation   total 111940K, used 70783K [0x16dc0000, 0x1db11000, 0x2c320000)
   the space 111940K,  63% used [0x16dc0000, 0x1b2dfec0, 0x1b2e0000, 0x1db11000)
 compacting perm gen  total 24064K, used 23843K [0x2c320000, 0x2daa0000, 0x38320000)
   the space 24064K,  99% used [0x2c320000, 0x2da68d80, 0x2da68e00, 0x2daa0000)
    ro space 10240K,  44% used [0x38320000, 0x38797e30, 0x38798000, 0x38d20000)
    rw space 12288K,  52% used [0x38d20000, 0x3936eb58, 0x3936ec00, 0x39920000)
Event: 132.327 GC heap after
Heap after GC invocations=108 (full 6):
 def new generation   total 50496K, used 833K [0x0c320000, 0x0f9e0000, 0x16dc0000)
  eden space 44928K,   0% used [0x0c320000, 0x0c320000, 0x0ef00000)
  from space 5568K,  14% used [0x0f470000, 0x0f540748, 0x0f9e0000)
  to   space 5568K,   0% used [0x0ef00000, 0x0ef00000, 0x0f470000)
 tenured generation   total 111940K, used 73820K [0x16dc0000, 0x1db11000, 0x2c320000)
   the space 111940K,  65% used [0x16dc0000, 0x1b5d7030, 0x1b5d7200, 0x1db11000)
 compacting perm gen  total 24064K, used 23843K [0x2c320000, 0x2daa0000, 0x38320000)
   the space 24064K,  99% used [0x2c320000, 0x2da68d80, 0x2da68e00, 0x2daa0000)
    ro space 10240K,  44% used [0x38320000, 0x38797e30, 0x38798000, 0x38d20000)
    rw space 12288K,  52% used [0x38d20000, 0x3936eb58, 0x3936ec00, 0x39920000)
}
Event: 132.697 GC heap before
{Heap before GC invocations=108 (full 6):
 def new generation   total 50496K, used 45761K [0x0c320000, 0x0f9e0000, 0x16dc0000)
  eden space 44928K, 100% used [0x0c320000, 0x0ef00000, 0x0ef00000)
  from space 5568K,  14% used [0x0f470000, 0x0f540748, 0x0f9e0000)
  to   space 5568K,   0% used [0x0ef00000, 0x0ef00000, 0x0f470000)
 tenured generation   total 111940K, used 73820K [0x16dc0000, 0x1db11000, 0x2c320000)
   the space 111940K,  65% used [0x16dc0000, 0x1b5d7030, 0x1b5d7200, 0x1db11000)
 compacting perm gen  total 24064K, used 23844K [0x2c320000, 0x2daa0000, 0x38320000)
   the space 24064K,  99% used [0x2c320000, 0x2da69118, 0x2da69200, 0x2daa0000)
    ro space 10240K,  44% used [0x38320000, 0x38797e30, 0x38798000, 0x38d20000)
    rw space 12288K,  52% used [0x38d20000, 0x3936eb58, 0x3936ec00, 0x39920000)
Event: 132.709 GC heap after
Heap after GC invocations=109 (full 6):
 def new generation   total 50496K, used 5568K [0x0c320000, 0x0f9e0000, 0x16dc0000)
  eden space 44928K,   0% used [0x0c320000, 0x0c320000, 0x0ef00000)
  from space 5568K, 100% used [0x0ef00000, 0x0f470000, 0x0f470000)
  to   space 5568K,   0% used [0x0f470000, 0x0f470000, 0x0f9e0000)
 tenured generation   total 111940K, used 74355K [0x16dc0000, 0x1db11000, 0x2c320000)
   the space 111940K,  66% used [0x16dc0000, 0x1b65cf90, 0x1b65d000, 0x1db11000)
 compacting perm gen  total 24064K, used 23844K [0x2c320000, 0x2daa0000, 0x38320000)
   the space 24064K,  99% used [0x2c320000, 0x2da69118, 0x2da69200, 0x2daa0000)
    ro space 10240K,  44% used [0x38320000, 0x38797e30, 0x38798000, 0x38d20000)
    rw space 12288K,  52% used [0x38d20000, 0x3936eb58, 0x3936ec00, 0x39920000)
}
Event: 133.127 GC heap before
{Heap before GC invocations=109 (full 6):
 def new generation   total 50496K, used 50496K [0x0c320000, 0x0f9e0000, 0x16dc0000)
  eden space 44928K, 100% used [0x0c320000, 0x0ef00000, 0x0ef00000)
  from space 5568K, 100% used [0x0ef00000, 0x0f470000, 0x0f470000)
  to   space 5568K,   0% used [0x0f470000, 0x0f470000, 0x0f9e0000)
 tenured generation   total 111940K, used 74355K [0x16dc0000, 0x1db11000, 0x2c320000)
   the space 111940K,  66% used [0x16dc0000, 0x1b65cf90, 0x1b65d000, 0x1db11000)
 compacting perm gen  total 24064K, used 23869K [0x2c320000, 0x2daa0000, 0x38320000)
   the space 24064K,  99% used [0x2c320000, 0x2da6f418, 0x2da6f600, 0x2daa0000)
    ro space 10240K,  44% used [0x38320000, 0x38797e30, 0x38798000, 0x38d20000)
    rw space 12288K,  52% used [0x38d20000, 0x3936eb58, 0x3936ec00, 0x39920000)
Event: 133.133 GC heap after
Heap after GC invocations=110 (full 6):
 def new generation   total 50496K, used 1134K [0x0c320000, 0x0f9e0000, 0x16dc0000)
  eden space 44928K,   0% used [0x0c320000, 0x0c320000, 0x0ef00000)
  from space 5568K,  20% used [0x0f470000, 0x0f58baf0, 0x0f9e0000)
  to   space 5568K,   0% used [0x0ef00000, 0x0ef00000, 0x0f470000)
 tenured generation   total 111940K, used 75880K [0x16dc0000, 0x1db11000, 0x2c320000)
   the space 111940K,  67% used [0x16dc0000, 0x1b7da058, 0x1b7da200, 0x1db11000)
 compacting perm gen  total 24064K, used 23869K [0x2c320000, 0x2daa0000, 0x38320000)
   the space 24064K,  99% used [0x2c320000, 0x2da6f418, 0x2da6f600, 0x2daa0000)
    ro space 10240K,  44% used [0x38320000, 0x38797e30, 0x38798000, 0x38d20000)
    rw space 12288K,  52% used [0x38d20000, 0x3936eb58, 0x3936ec00, 0x39920000)
}
Event: 133.463 GC heap before
{Heap before GC invocations=110 (full 6):
 def new generation   total 50496K, used 46062K [0x0c320000, 0x0f9e0000, 0x16dc0000)
  eden space 44928K, 100% used [0x0c320000, 0x0ef00000, 0x0ef00000)
  from space 5568K,  20% used [0x0f470000, 0x0f58baf0, 0x0f9e0000)
  to   space 5568K,   0% used [0x0ef00000, 0x0ef00000, 0x0f470000)
 tenured generation   total 111940K, used 75880K [0x16dc0000, 0x1db11000, 0x2c320000)
   the space 111940K,  67% used [0x16dc0000, 0x1b7da058, 0x1b7da200, 0x1db11000)
 compacting perm gen  total 24064K, used 23884K [0x2c320000, 0x2daa0000, 0x38320000)
   the space 24064K,  99% used [0x2c320000, 0x2da73158, 0x2da73200, 0x2daa0000)
    ro space 10240K,  44% used [0x38320000, 0x38797e30, 0x38798000, 0x38d20000)
    rw space 12288K,  52% used [0x38d20000, 0x3936eb58, 0x3936ec00, 0x39920000)
Event: 133.473 GC heap after
Heap after GC invocations=111 (full 6):
 def new generation   total 50496K, used 3419K [0x0c320000, 0x0f9e0000, 0x16dc0000)
  eden space 44928K,   0% used [0x0c320000, 0x0c320000, 0x0ef00000)
  from space 5568K,  61% used [0x0ef00000, 0x0f256e98, 0x0f470000)
  to   space 5568K,   0% used [0x0f470000, 0x0f470000, 0x0f9e0000)
 tenured generation   total 111940K, used 75880K [0x16dc0000, 0x1db11000, 0x2c320000)
   the space 111940K,  67% used [0x16dc0000, 0x1b7da058, 0x1b7da200, 0x1db11000)
 compacting perm gen  total 24064K, used 23884K [0x2c320000, 0x2daa0000, 0x38320000)
   the space 24064K,  99% used [0x2c320000, 0x2da73158, 0x2da73200, 0x2daa0000)
    ro space 10240K,  44% used [0x38320000, 0x38797e30, 0x38798000, 0x38d20000)
    rw space 12288K,  52% used [0x38d20000, 0x3936eb58, 0x3936ec00, 0x39920000)
}
Event: 135.139 GC heap before
{Heap before GC invocations=111 (full 6):
 def new generation   total 50496K, used 48347K [0x0c320000, 0x0f9e0000, 0x16dc0000)
  eden space 44928K, 100% used [0x0c320000, 0x0ef00000, 0x0ef00000)
  from space 5568K,  61% used [0x0ef00000, 0x0f256e98, 0x0f470000)
  to   space 5568K,   0% used [0x0f470000, 0x0f470000, 0x0f9e0000)
 tenured generation   total 111940K, used 75880K [0x16dc0000, 0x1db11000, 0x2c320000)
   the space 111940K,  67% used [0x16dc0000, 0x1b7da058, 0x1b7da200, 0x1db11000)
 compacting perm gen  total 24064K, used 23985K [0x2c320000, 0x2daa0000, 0x38320000)
   the space 24064K,  99% used [0x2c320000, 0x2da8c778, 0x2da8c800, 0x2daa0000)
    ro space 10240K,  44% used [0x38320000, 0x38797e30, 0x38798000, 0x38d20000)
    rw space 12288K,  52% used [0x38d20000, 0x3936eb58, 0x3936ec00, 0x39920000)
Event: 135.152 GC heap after
Heap after GC invocations=112 (full 6):
 def new generation   total 50496K, used 1828K [0x0c320000, 0x0f9e0000, 0x16dc0000)
  eden space 44928K,   0% used [0x0c320000, 0x0c320000, 0x0ef00000)
  from space 5568K,  32% used [0x0f470000, 0x0f639210, 0x0f9e0000)
  to   space 5568K,   0% used [0x0ef00000, 0x0ef00000, 0x0f470000)
 tenured generation   total 111940K, used 78886K [0x16dc0000, 0x1db11000, 0x2c320000)
   the space 111940K,  70% used [0x16dc0000, 0x1bac9a70, 0x1bac9c00, 0x1db11000)
 compacting perm gen  total 24064K, used 23985K [0x2c320000, 0x2daa0000, 0x38320000)
   the space 24064K,  99% used [0x2c320000, 0x2da8c778, 0x2da8c800, 0x2daa0000)
    ro space 10240K,  44% used [0x38320000, 0x38797e30, 0x38798000, 0x38d20000)
    rw space 12288K,  52% used [0x38d20000, 0x3936eb58, 0x3936ec00, 0x39920000)
}

