# JRE version: Java(TM) SE Runtime Environment (7.0_51-b13) (build 1.7.0_51-b13)
# Java VM: Java HotSpot(TM) Server VM (24.51-b03 mixed mode windows-x86 )
Heap
 PSYoungGen      total 238080K, used 117922K [0x34e80000, 0x44e80000, 0x44e80000)
  eden space 215040K, 46% used [0x34e80000,0x3af52738,0x42080000)
  from space 23040K, 81% used [0x43800000,0x44a56160,0x44e80000)
  to   space 23552K, 0% used [0x42080000,0x42080000,0x43780000)
 ParOldGen       total 273664K, used 217119K [0x14e80000, 0x259c0000, 0x34e80000)
  object space 273664K, 79% used [0x14e80000,0x22287e58,0x259c0000)
 PSPermGen       total 107520K, used 88299K [0x04e80000, 0x0b780000, 0x14e80000)
  object space 107520K, 82% used [0x04e80000,0x0a4bac38,0x0b780000)
GC Heap History (10 events):
Event: 8019.162 GC heap before
{Heap before GC invocations=140 (full 8):
 PSYoungGen      total 238592K, used 227810K [0x34e80000, 0x44e80000, 0x44e80000)
  eden space 215808K, 100% used [0x34e80000,0x42140000,0x42140000)
  from space 22784K, 52% used [0x42140000,0x42cf8ac8,0x43780000)
  to   space 22784K, 0% used [0x43840000,0x43840000,0x44e80000)
 ParOldGen       total 273664K, used 214788K [0x14e80000, 0x259c0000, 0x34e80000)
  object space 273664K, 78% used [0x14e80000,0x22041348,0x259c0000)
 PSPermGen       total 107520K, used 87461K [0x04e80000, 0x0b780000, 0x14e80000)
  object space 107520K, 81% used [0x04e80000,0x0a3e96c0,0x0b780000)
Event: 8019.362 GC heap after
Heap after GC invocations=140 (full 8):
 PSYoungGen      total 238336K, used 13170K [0x34e80000, 0x44d80000, 0x44e80000)
  eden space 216576K, 0% used [0x34e80000,0x34e80000,0x42200000)
  from space 21760K, 60% used [0x43840000,0x4451cb30,0x44d80000)
  to   space 22272K, 0% used [0x42200000,0x42200000,0x437c0000)
 ParOldGen       total 273664K, used 215265K [0x14e80000, 0x259c0000, 0x34e80000)
  object space 273664K, 78% used [0x14e80000,0x220b8658,0x259c0000)
 PSPermGen       total 107520K, used 87461K [0x04e80000, 0x0b780000, 0x14e80000)
  object space 107520K, 81% used [0x04e80000,0x0a3e96c0,0x0b780000)
}
Event: 8263.680 GC heap before
{Heap before GC invocations=141 (full 8):
 PSYoungGen      total 238336K, used 229746K [0x34e80000, 0x44d80000, 0x44e80000)
  eden space 216576K, 100% used [0x34e80000,0x42200000,0x42200000)
  from space 21760K, 60% used [0x43840000,0x4451cb30,0x44d80000)
  to   space 22272K, 0% used [0x42200000,0x42200000,0x437c0000)
 ParOldGen       total 273664K, used 215265K [0x14e80000, 0x259c0000, 0x34e80000)
  object space 273664K, 78% used [0x14e80000,0x220b8658,0x259c0000)
 PSPermGen       total 107520K, used 87730K [0x04e80000, 0x0b780000, 0x14e80000)
  object space 107520K, 81% used [0x04e80000,0x0a42c8a8,0x0b780000)
Event: 8264.027 GC heap after
Heap after GC invocations=141 (full 8):
 PSYoungGen      total 238848K, used 13129K [0x34e80000, 0x44e80000, 0x44e80000)
  eden space 216576K, 0% used [0x34e80000,0x34e80000,0x42200000)
  from space 22272K, 58% used [0x42200000,0x42ed2508,0x437c0000)
  to   space 22016K, 0% used [0x43900000,0x43900000,0x44e80000)
 ParOldGen       total 273664K, used 215910K [0x14e80000, 0x259c0000, 0x34e80000)
  object space 273664K, 78% used [0x14e80000,0x22159960,0x259c0000)
 PSPermGen       total 107520K, used 87730K [0x04e80000, 0x0b780000, 0x14e80000)
  object space 107520K, 81% used [0x04e80000,0x0a42c8a8,0x0b780000)
}
Event: 8899.858 GC heap before
{Heap before GC invocations=142 (full 8):
 PSYoungGen      total 238848K, used 229705K [0x34e80000, 0x44e80000, 0x44e80000)
  eden space 216576K, 100% used [0x34e80000,0x42200000,0x42200000)
  from space 22272K, 58% used [0x42200000,0x42ed2508,0x437c0000)
  to   space 22016K, 0% used [0x43900000,0x43900000,0x44e80000)
 ParOldGen       total 273664K, used 215910K [0x14e80000, 0x259c0000, 0x34e80000)
  object space 273664K, 78% used [0x14e80000,0x22159960,0x259c0000)
 PSPermGen       total 107520K, used 87755K [0x04e80000, 0x0b780000, 0x14e80000)
  object space 107520K, 81% used [0x04e80000,0x0a432fb8,0x0b780000)
Event: 8906.969 GC heap after
Heap after GC invocations=142 (full 8):
 PSYoungGen      total 239616K, used 17270K [0x34e80000, 0x44e80000, 0x44e80000)
  eden space 217600K, 0% used [0x34e80000,0x34e80000,0x42300000)
  from space 22016K, 78% used [0x43900000,0x449dd8b0,0x44e80000)
  to   space 22272K, 0% used [0x42300000,0x42300000,0x438c0000)
 ParOldGen       total 273664K, used 216293K [0x14e80000, 0x259c0000, 0x34e80000)
  object space 273664K, 79% used [0x14e80000,0x221b9770,0x259c0000)
 PSPermGen       total 107520K, used 87755K [0x04e80000, 0x0b780000, 0x14e80000)
  object space 107520K, 81% used [0x04e80000,0x0a432fb8,0x0b780000)
}
Event: 9345.679 GC heap before
{Heap before GC invocations=143 (full 8):
 PSYoungGen      total 239616K, used 234870K [0x34e80000, 0x44e80000, 0x44e80000)
  eden space 217600K, 100% used [0x34e80000,0x42300000,0x42300000)
  from space 22016K, 78% used [0x43900000,0x449dd8b0,0x44e80000)
  to   space 22272K, 0% used [0x42300000,0x42300000,0x438c0000)
 ParOldGen       total 273664K, used 216293K [0x14e80000, 0x259c0000, 0x34e80000)
  object space 273664K, 79% used [0x14e80000,0x221b9770,0x259c0000)
 PSPermGen       total 107520K, used 88166K [0x04e80000, 0x0b780000, 0x14e80000)
  object space 107520K, 81% used [0x04e80000,0x0a499948,0x0b780000)
Event: 9346.273 GC heap after
Heap after GC invocations=143 (full 8):
 PSYoungGen      total 237312K, used 19697K [0x34e80000, 0x44e80000, 0x44e80000)
  eden space 217600K, 0% used [0x34e80000,0x34e80000,0x42300000)
  from space 19712K, 99% used [0x42300000,0x4363c548,0x43640000)
  to   space 23040K, 0% used [0x43800000,0x43800000,0x44e80000)
 ParOldGen       total 273664K, used 216313K [0x14e80000, 0x259c0000, 0x34e80000)
  object space 273664K, 79% used [0x14e80000,0x221be770,0x259c0000)
 PSPermGen       total 107520K, used 88166K [0x04e80000, 0x0b780000, 0x14e80000)
  object space 107520K, 81% used [0x04e80000,0x0a499948,0x0b780000)
}
Event: 9617.935 GC heap before
{Heap before GC invocations=144 (full 8):
 PSYoungGen      total 237312K, used 237297K [0x34e80000, 0x44e80000, 0x44e80000)
  eden space 217600K, 100% used [0x34e80000,0x42300000,0x42300000)
  from space 19712K, 99% used [0x42300000,0x4363c548,0x43640000)
  to   space 23040K, 0% used [0x43800000,0x43800000,0x44e80000)
 ParOldGen       total 273664K, used 216313K [0x14e80000, 0x259c0000, 0x34e80000)
  object space 273664K, 79% used [0x14e80000,0x221be770,0x259c0000)
 PSPermGen       total 107520K, used 88270K [0x04e80000, 0x0b780000, 0x14e80000)
  object space 107520K, 82% used [0x04e80000,0x0a4b39d0,0x0b780000)
Event: 9618.233 GC heap after
Heap after GC invocations=144 (full 8):
 PSYoungGen      total 238080K, used 18776K [0x34e80000, 0x44e80000, 0x44e80000)
  eden space 215040K, 0% used [0x34e80000,0x34e80000,0x42080000)
  from space 23040K, 81% used [0x43800000,0x44a56160,0x44e80000)
  to   space 23552K, 0% used [0x42080000,0x42080000,0x43780000)
 ParOldGen       total 273664K, used 217119K [0x14e80000, 0x259c0000, 0x34e80000)
  object space 273664K, 79% used [0x14e80000,0x22287e58,0x259c0000)
 PSPermGen       total 107520K, used 88270K [0x04e80000, 0x0b780000, 0x14e80000)
  object space 107520K, 82% used [0x04e80000,0x0a4b39d0,0x0b780000)
}

