# JRE version: Java(TM) SE Runtime Environment (7.0_51-b13) (build 1.7.0_51-b13)
# Java VM: Java HotSpot(TM) Server VM (24.51-b03 mixed mode windows-x86 )
Heap
 PSYoungGen      total 215808K, used 18799K [0x34740000, 0x44680000, 0x44740000)
  eden space 174080K, 0% used [0x34740000,0x34740000,0x3f140000)
  from space 41728K, 45% used [0x3f140000,0x4039bcd8,0x41a00000)
  to   space 40960K, 0% used [0x41e80000,0x41e80000,0x44680000)
 ParOldGen       total 316672K, used 310423K [0x14740000, 0x27c80000, 0x34740000)
  object space 316672K, 98% used [0x14740000,0x27665f70,0x27c80000)
 PSPermGen       total 92928K, used 75894K [0x04740000, 0x0a200000, 0x14740000)
  object space 92928K, 81% used [0x04740000,0x0915dbf8,0x0a200000)
GC Heap History (10 events):
Event: 866.206 GC heap after
Heap after GC invocations=90 (full 7):
 PSYoungGen      total 203776K, used 9796K [0x34740000, 0x44200000, 0x44740000)
  eden space 151808K, 0% used [0x34740000,0x34740000,0x3db80000)
  from space 51968K, 18% used [0x3db80000,0x3e511258,0x40e40000)
  to   space 48384K, 0% used [0x412c0000,0x412c0000,0x44200000)
 ParOldGen       total 316672K, used 301291K [0x14740000, 0x27c80000, 0x34740000)
  object space 316672K, 95% used [0x14740000,0x26d7af48,0x27c80000)
 PSPermGen       total 92928K, used 72709K [0x04740000, 0x0a200000, 0x14740000)
  object space 92928K, 78% used [0x04740000,0x08e416f0,0x0a200000)
}
Event: 900.896 GC heap before
{Heap before GC invocations=91 (full 7):
 PSYoungGen      total 203776K, used 161604K [0x34740000, 0x44200000, 0x44740000)
  eden space 151808K, 100% used [0x34740000,0x3db80000,0x3db80000)
  from space 51968K, 18% used [0x3db80000,0x3e511258,0x40e40000)
  to   space 48384K, 0% used [0x412c0000,0x412c0000,0x44200000)
 ParOldGen       total 316672K, used 301291K [0x14740000, 0x27c80000, 0x34740000)
  object space 316672K, 95% used [0x14740000,0x26d7af48,0x27c80000)
 PSPermGen       total 92928K, used 73324K [0x04740000, 0x0a200000, 0x14740000)
  object space 92928K, 78% used [0x04740000,0x08edb0e8,0x0a200000)
Event: 901.578 GC heap after
Heap after GC invocations=91 (full 7):
 PSYoungGen      total 205312K, used 10668K [0x34740000, 0x43d40000, 0x44740000)
  eden space 161792K, 0% used [0x34740000,0x34740000,0x3e540000)
  from space 43520K, 24% used [0x412c0000,0x41d2b0d0,0x43d40000)
  to   space 45056K, 0% used [0x3e540000,0x3e540000,0x41140000)
 ParOldGen       total 316672K, used 301291K [0x14740000, 0x27c80000, 0x34740000)
  object space 316672K, 95% used [0x14740000,0x26d7af48,0x27c80000)
 PSPermGen       total 92928K, used 73324K [0x04740000, 0x0a200000, 0x14740000)
  object space 92928K, 78% used [0x04740000,0x08edb0e8,0x0a200000)
}
Event: 905.561 GC heap before
{Heap before GC invocations=92 (full 7):
 PSYoungGen      total 205312K, used 172460K [0x34740000, 0x43d40000, 0x44740000)
  eden space 161792K, 100% used [0x34740000,0x3e540000,0x3e540000)
  from space 43520K, 24% used [0x412c0000,0x41d2b0d0,0x43d40000)
  to   space 45056K, 0% used [0x3e540000,0x3e540000,0x41140000)
 ParOldGen       total 316672K, used 301291K [0x14740000, 0x27c80000, 0x34740000)
  object space 316672K, 95% used [0x14740000,0x26d7af48,0x27c80000)
 PSPermGen       total 92928K, used 73723K [0x04740000, 0x0a200000, 0x14740000)
  object space 92928K, 79% used [0x04740000,0x08f3ec80,0x0a200000)
Event: 906.364 GC heap after
Heap after GC invocations=92 (full 7):
 PSYoungGen      total 206848K, used 15555K [0x34740000, 0x444c0000, 0x44740000)
  eden space 161792K, 0% used [0x34740000,0x34740000,0x3e540000)
  from space 45056K, 34% used [0x3e540000,0x3f470e60,0x41140000)
  to   space 43008K, 0% used [0x41ac0000,0x41ac0000,0x444c0000)
 ParOldGen       total 316672K, used 301291K [0x14740000, 0x27c80000, 0x34740000)
  object space 316672K, 95% used [0x14740000,0x26d7af48,0x27c80000)
 PSPermGen       total 92928K, used 73723K [0x04740000, 0x0a200000, 0x14740000)
  object space 92928K, 79% used [0x04740000,0x08f3ec80,0x0a200000)
}
Event: 922.396 GC heap before
{Heap before GC invocations=93 (full 7):
 PSYoungGen      total 206848K, used 177347K [0x34740000, 0x444c0000, 0x44740000)
  eden space 161792K, 100% used [0x34740000,0x3e540000,0x3e540000)
  from space 45056K, 34% used [0x3e540000,0x3f470e60,0x41140000)
  to   space 43008K, 0% used [0x41ac0000,0x41ac0000,0x444c0000)
 ParOldGen       total 316672K, used 301291K [0x14740000, 0x27c80000, 0x34740000)
  object space 316672K, 95% used [0x14740000,0x26d7af48,0x27c80000)
 PSPermGen       total 92928K, used 74722K [0x04740000, 0x0a200000, 0x14740000)
  object space 92928K, 80% used [0x04740000,0x09038a68,0x0a200000)
Event: 922.968 GC heap after
Heap after GC invocations=93 (full 7):
 PSYoungGen      total 215040K, used 16540K [0x34740000, 0x442c0000, 0x44740000)
  eden space 174080K, 0% used [0x34740000,0x34740000,0x3f140000)
  from space 40960K, 40% used [0x41ac0000,0x42ae7120,0x442c0000)
  to   space 41728K, 0% used [0x3f140000,0x3f140000,0x41a00000)
 ParOldGen       total 316672K, used 302671K [0x14740000, 0x27c80000, 0x34740000)
  object space 316672K, 95% used [0x14740000,0x26ed3d88,0x27c80000)
 PSPermGen       total 92928K, used 74722K [0x04740000, 0x0a200000, 0x14740000)
  object space 92928K, 80% used [0x04740000,0x09038a68,0x0a200000)
}
Event: 992.178 GC heap before
{Heap before GC invocations=94 (full 7):
 PSYoungGen      total 215040K, used 188538K [0x34740000, 0x442c0000, 0x44740000)
  eden space 174080K, 98% used [0x34740000,0x3ef379f8,0x3f140000)
  from space 40960K, 40% used [0x41ac0000,0x42ae7120,0x442c0000)
  to   space 41728K, 0% used [0x3f140000,0x3f140000,0x41a00000)
 ParOldGen       total 316672K, used 302671K [0x14740000, 0x27c80000, 0x34740000)
  object space 316672K, 95% used [0x14740000,0x26ed3d88,0x27c80000)
 PSPermGen       total 92928K, used 75894K [0x04740000, 0x0a200000, 0x14740000)
  object space 92928K, 81% used [0x04740000,0x0915dbf8,0x0a200000)
Event: 992.717 GC heap after
Heap after GC invocations=94 (full 7):
 PSYoungGen      total 215808K, used 18799K [0x34740000, 0x44680000, 0x44740000)
  eden space 174080K, 0% used [0x34740000,0x34740000,0x3f140000)
  from space 41728K, 45% used [0x3f140000,0x4039bcd8,0x41a00000)
  to   space 40960K, 0% used [0x41e80000,0x41e80000,0x44680000)
 ParOldGen       total 316672K, used 310423K [0x14740000, 0x27c80000, 0x34740000)
  object space 316672K, 98% used [0x14740000,0x27665f70,0x27c80000)
 PSPermGen       total 92928K, used 75894K [0x04740000, 0x0a200000, 0x14740000)
  object space 92928K, 81% used [0x04740000,0x0915dbf8,0x0a200000)
}
Event: 992.766 GC heap before
{Heap before GC invocations=95 (full 8):
 PSYoungGen      total 215808K, used 18799K [0x34740000, 0x44680000, 0x44740000)
  eden space 174080K, 0% used [0x34740000,0x34740000,0x3f140000)
  from space 41728K, 45% used [0x3f140000,0x4039bcd8,0x41a00000)
  to   space 40960K, 0% used [0x41e80000,0x41e80000,0x44680000)
 ParOldGen       total 316672K, used 310423K [0x14740000, 0x27c80000, 0x34740000)
  object space 316672K, 98% used [0x14740000,0x27665f70,0x27c80000)
 PSPermGen       total 92928K, used 75894K [0x04740000, 0x0a200000, 0x14740000)
  object space 92928K, 81% used [0x04740000,0x0915dbf8,0x0a200000)

