# JRE version: Java(TM) SE Runtime Environment (7.0_51-b13) (build 1.7.0_51-b13)
# Java VM: Java HotSpot(TM) Server VM (24.51-b03 mixed mode windows-x86 )
Heap
 PSYoungGen      total 218112K, used 18055K [0x34c00000, 0x44c00000, 0x44c00000)
  eden space 174592K, 0% used [0x34c00000,0x34c00000,0x3f680000)
  from space 43520K, 41% used [0x42180000,0x43321e10,0x44c00000)
  to   space 43776K, 0% used [0x3f680000,0x3f680000,0x42140000)
 ParOldGen       total 210432K, used 205473K [0x14c00000, 0x21980000, 0x34c00000)
  object space 210432K, 97% used [0x14c00000,0x214a8420,0x21980000)
 PSPermGen       total 82944K, used 74636K [0x04c00000, 0x09d00000, 0x14c00000)
  object space 82944K, 89% used [0x04c00000,0x094e3220,0x09d00000)
GC Heap History (10 events):
Event: 1145.643 GC heap after
Heap after GC invocations=92 (full 6):
 PSYoungGen      total 214528K, used 27123K [0x34c00000, 0x448c0000, 0x44c00000)
  eden space 171776K, 0% used [0x34c00000,0x34c00000,0x3f3c0000)
  from space 42752K, 63% used [0x41f00000,0x4397cff0,0x448c0000)
  to   space 43520K, 0% used [0x3f3c0000,0x3f3c0000,0x41e40000)
 ParOldGen       total 210432K, used 195483K [0x14c00000, 0x21980000, 0x34c00000)
  object space 210432K, 92% used [0x14c00000,0x20ae6e58,0x21980000)
 PSPermGen       total 82944K, used 74003K [0x04c00000, 0x09d00000, 0x14c00000)
  object space 82944K, 89% used [0x04c00000,0x09444cb0,0x09d00000)
}
Event: 1174.049 GC heap before
{Heap before GC invocations=93 (full 6):
 PSYoungGen      total 214528K, used 198899K [0x34c00000, 0x448c0000, 0x44c00000)
  eden space 171776K, 100% used [0x34c00000,0x3f3c0000,0x3f3c0000)
  from space 42752K, 63% used [0x41f00000,0x4397cff0,0x448c0000)
  to   space 43520K, 0% used [0x3f3c0000,0x3f3c0000,0x41e40000)
 ParOldGen       total 210432K, used 195483K [0x14c00000, 0x21980000, 0x34c00000)
  object space 210432K, 92% used [0x14c00000,0x20ae6e58,0x21980000)
 PSPermGen       total 82944K, used 74018K [0x04c00000, 0x09d00000, 0x14c00000)
  object space 82944K, 89% used [0x04c00000,0x09448950,0x09d00000)
Event: 1175.008 GC heap after
Heap after GC invocations=93 (full 6):
 PSYoungGen      total 215296K, used 24920K [0x34c00000, 0x44c00000, 0x44c00000)
  eden space 171776K, 0% used [0x34c00000,0x34c00000,0x3f3c0000)
  from space 43520K, 57% used [0x3f3c0000,0x40c16200,0x41e40000)
  to   space 43264K, 0% used [0x421c0000,0x421c0000,0x44c00000)
 ParOldGen       total 210432K, used 197670K [0x14c00000, 0x21980000, 0x34c00000)
  object space 210432K, 93% used [0x14c00000,0x20d09858,0x21980000)
 PSPermGen       total 82944K, used 74018K [0x04c00000, 0x09d00000, 0x14c00000)
  object space 82944K, 89% used [0x04c00000,0x09448950,0x09d00000)
}
Event: 1291.012 GC heap before
{Heap before GC invocations=94 (full 6):
 PSYoungGen      total 215296K, used 196696K [0x34c00000, 0x44c00000, 0x44c00000)
  eden space 171776K, 100% used [0x34c00000,0x3f3c0000,0x3f3c0000)
  from space 43520K, 57% used [0x3f3c0000,0x40c16200,0x41e40000)
  to   space 43264K, 0% used [0x421c0000,0x421c0000,0x44c00000)
 ParOldGen       total 210432K, used 197670K [0x14c00000, 0x21980000, 0x34c00000)
  object space 210432K, 93% used [0x14c00000,0x20d09858,0x21980000)
 PSPermGen       total 82944K, used 74031K [0x04c00000, 0x09d00000, 0x14c00000)
  object space 82944K, 89% used [0x04c00000,0x0944bdc8,0x09d00000)
Event: 1291.223 GC heap after
Heap after GC invocations=94 (full 6):
 PSYoungGen      total 217344K, used 23587K [0x34c00000, 0x44ac0000, 0x44c00000)
  eden space 175360K, 0% used [0x34c00000,0x34c00000,0x3f740000)
  from space 41984K, 56% used [0x421c0000,0x438c8fe8,0x44ac0000)
  to   space 42752K, 0% used [0x3f740000,0x3f740000,0x42100000)
 ParOldGen       total 210432K, used 199278K [0x14c00000, 0x21980000, 0x34c00000)
  object space 210432K, 94% used [0x14c00000,0x20e9ba80,0x21980000)
 PSPermGen       total 82944K, used 74031K [0x04c00000, 0x09d00000, 0x14c00000)
  object space 82944K, 89% used [0x04c00000,0x0944bdc8,0x09d00000)
}
Event: 1302.400 GC heap before
{Heap before GC invocations=95 (full 6):
 PSYoungGen      total 217344K, used 198947K [0x34c00000, 0x44ac0000, 0x44c00000)
  eden space 175360K, 100% used [0x34c00000,0x3f740000,0x3f740000)
  from space 41984K, 56% used [0x421c0000,0x438c8fe8,0x44ac0000)
  to   space 42752K, 0% used [0x3f740000,0x3f740000,0x42100000)
 ParOldGen       total 210432K, used 199278K [0x14c00000, 0x21980000, 0x34c00000)
  object space 210432K, 94% used [0x14c00000,0x20e9ba80,0x21980000)
 PSPermGen       total 82944K, used 74610K [0x04c00000, 0x09d00000, 0x14c00000)
  object space 82944K, 89% used [0x04c00000,0x094dc8a8,0x09d00000)
Event: 1302.509 GC heap after
Heap after GC invocations=95 (full 6):
 PSYoungGen      total 218112K, used 16928K [0x34c00000, 0x44c00000, 0x44c00000)
  eden space 175360K, 0% used [0x34c00000,0x34c00000,0x3f740000)
  from space 42752K, 39% used [0x3f740000,0x407c8060,0x42100000)
  to   space 43520K, 0% used [0x42180000,0x42180000,0x44c00000)
 ParOldGen       total 210432K, used 202970K [0x14c00000, 0x21980000, 0x34c00000)
  object space 210432K, 96% used [0x14c00000,0x21236ae0,0x21980000)
 PSPermGen       total 82944K, used 74610K [0x04c00000, 0x09d00000, 0x14c00000)
  object space 82944K, 89% used [0x04c00000,0x094dc8a8,0x09d00000)
}
Event: 1323.161 GC heap before
{Heap before GC invocations=96 (full 6):
 PSYoungGen      total 218112K, used 192288K [0x34c00000, 0x44c00000, 0x44c00000)
  eden space 175360K, 100% used [0x34c00000,0x3f740000,0x3f740000)
  from space 42752K, 39% used [0x3f740000,0x407c8060,0x42100000)
  to   space 43520K, 0% used [0x42180000,0x42180000,0x44c00000)
 ParOldGen       total 210432K, used 202970K [0x14c00000, 0x21980000, 0x34c00000)
  object space 210432K, 96% used [0x14c00000,0x21236ae0,0x21980000)
 PSPermGen       total 82944K, used 74636K [0x04c00000, 0x09d00000, 0x14c00000)
  object space 82944K, 89% used [0x04c00000,0x094e3220,0x09d00000)
Event: 1323.227 GC heap after
Heap after GC invocations=96 (full 6):
 PSYoungGen      total 218112K, used 18055K [0x34c00000, 0x44c00000, 0x44c00000)
  eden space 174592K, 0% used [0x34c00000,0x34c00000,0x3f680000)
  from space 43520K, 41% used [0x42180000,0x43321e10,0x44c00000)
  to   space 43776K, 0% used [0x3f680000,0x3f680000,0x42140000)
 ParOldGen       total 210432K, used 205473K [0x14c00000, 0x21980000, 0x34c00000)
  object space 210432K, 97% used [0x14c00000,0x214a8420,0x21980000)
 PSPermGen       total 82944K, used 74636K [0x04c00000, 0x09d00000, 0x14c00000)
  object space 82944K, 89% used [0x04c00000,0x094e3220,0x09d00000)
}
Event: 1323.281 GC heap before
{Heap before GC invocations=97 (full 7):
 PSYoungGen      total 218112K, used 18055K [0x34c00000, 0x44c00000, 0x44c00000)
  eden space 174592K, 0% used [0x34c00000,0x34c00000,0x3f680000)
  from space 43520K, 41% used [0x42180000,0x43321e10,0x44c00000)
  to   space 43776K, 0% used [0x3f680000,0x3f680000,0x42140000)
 ParOldGen       total 210432K, used 205473K [0x14c00000, 0x21980000, 0x34c00000)
  object space 210432K, 97% used [0x14c00000,0x214a8420,0x21980000)
 PSPermGen       total 82944K, used 74636K [0x04c00000, 0x09d00000, 0x14c00000)
  object space 82944K, 89% used [0x04c00000,0x094e3220,0x09d00000)

