# JRE version: Java(TM) SE Runtime Environment (7.0_51-b13) (build 1.7.0_51-b13)
# Java VM: Java HotSpot(TM) Server VM (24.51-b03 mixed mode windows-x86 )
Heap
 PSYoungGen      total 222208K, used 213743K [0x34a80000, 0x44a80000, 0x44a80000)
  eden space 184832K, 100% used [0x34a80000,0x3ff00000,0x3ff00000)
  from space 37376K, 77% used [0x3ff00000,0x41b3bc08,0x42380000)
  to   space 38912K, 62% used [0x42480000,0x43c11ef8,0x44a80000)
 ParOldGen       total 256512K, used 237959K [0x14a80000, 0x24500000, 0x34a80000)
  object space 256512K, 92% used [0x14a80000,0x232e1e70,0x24500000)
 PSPermGen       total 110848K, used 102779K [0x04a80000, 0x0b6c0000, 0x14a80000)
  object space 110848K, 92% used [0x04a80000,0x0aedef30,0x0b6c0000)
GC Heap History (10 events):
Event: 8796.064 GC heap after
Heap after GC invocations=131 (full 8):
 PSYoungGen      total 193024K, used 12506K [0x34a80000, 0x44840000, 0x44a80000)
  eden space 180480K, 0% used [0x34a80000,0x34a80000,0x3fac0000)
  from space 12544K, 99% used [0x3fac0000,0x406f6970,0x40700000)
  to   space 39680K, 0% used [0x42180000,0x42180000,0x44840000)
 ParOldGen       total 256512K, used 237363K [0x14a80000, 0x24500000, 0x34a80000)
  object space 256512K, 92% used [0x14a80000,0x2324ce60,0x24500000)
 PSPermGen       total 110848K, used 101944K [0x04a80000, 0x0b6c0000, 0x14a80000)
  object space 110848K, 91% used [0x04a80000,0x0ae0e0b8,0x0b6c0000)
}
Event: 8833.822 GC heap before
{Heap before GC invocations=132 (full 8):
 PSYoungGen      total 193024K, used 192986K [0x34a80000, 0x44840000, 0x44a80000)
  eden space 180480K, 100% used [0x34a80000,0x3fac0000,0x3fac0000)
  from space 12544K, 99% used [0x3fac0000,0x406f6970,0x40700000)
  to   space 39680K, 0% used [0x42180000,0x42180000,0x44840000)
 ParOldGen       total 256512K, used 237363K [0x14a80000, 0x24500000, 0x34a80000)
  object space 256512K, 92% used [0x14a80000,0x2324ce60,0x24500000)
 PSPermGen       total 110848K, used 101962K [0x04a80000, 0x0b6c0000, 0x14a80000)
  object space 110848K, 91% used [0x04a80000,0x0ae12b58,0x0b6c0000)
Event: 8833.992 GC heap after
Heap after GC invocations=132 (full 8):
 PSYoungGen      total 221184K, used 21802K [0x34a80000, 0x44a80000, 0x44a80000)
  eden space 181504K, 0% used [0x34a80000,0x34a80000,0x3fbc0000)
  from space 39680K, 54% used [0x42180000,0x436ca890,0x44840000)
  to   space 38656K, 0% used [0x3fbc0000,0x3fbc0000,0x42180000)
 ParOldGen       total 256512K, used 237363K [0x14a80000, 0x24500000, 0x34a80000)
  object space 256512K, 92% used [0x14a80000,0x2324ce60,0x24500000)
 PSPermGen       total 110848K, used 101962K [0x04a80000, 0x0b6c0000, 0x14a80000)
  object space 110848K, 91% used [0x04a80000,0x0ae12b58,0x0b6c0000)
}
Event: 8963.263 GC heap before
{Heap before GC invocations=133 (full 8):
 PSYoungGen      total 221184K, used 203306K [0x34a80000, 0x44a80000, 0x44a80000)
  eden space 181504K, 100% used [0x34a80000,0x3fbc0000,0x3fbc0000)
  from space 39680K, 54% used [0x42180000,0x436ca890,0x44840000)
  to   space 38656K, 0% used [0x3fbc0000,0x3fbc0000,0x42180000)
 ParOldGen       total 256512K, used 237363K [0x14a80000, 0x24500000, 0x34a80000)
  object space 256512K, 92% used [0x14a80000,0x2324ce60,0x24500000)
 PSPermGen       total 110848K, used 102492K [0x04a80000, 0x0b6c0000, 0x14a80000)
  object space 110848K, 92% used [0x04a80000,0x0ae97298,0x0b6c0000)
Event: 8963.437 GC heap after
Heap after GC invocations=133 (full 8):
 PSYoungGen      total 220160K, used 23800K [0x34a80000, 0x44900000, 0x44a80000)
  eden space 181504K, 0% used [0x34a80000,0x34a80000,0x3fbc0000)
  from space 38656K, 61% used [0x3fbc0000,0x412fe328,0x42180000)
  to   space 38400K, 0% used [0x42380000,0x42380000,0x44900000)
 ParOldGen       total 256512K, used 237363K [0x14a80000, 0x24500000, 0x34a80000)
  object space 256512K, 92% used [0x14a80000,0x2324ce60,0x24500000)
 PSPermGen       total 110848K, used 102492K [0x04a80000, 0x0b6c0000, 0x14a80000)
  object space 110848K, 92% used [0x04a80000,0x0ae97298,0x0b6c0000)
}
Event: 8965.217 GC heap before
{Heap before GC invocations=134 (full 8):
 PSYoungGen      total 220160K, used 205304K [0x34a80000, 0x44900000, 0x44a80000)
  eden space 181504K, 100% used [0x34a80000,0x3fbc0000,0x3fbc0000)
  from space 38656K, 61% used [0x3fbc0000,0x412fe328,0x42180000)
  to   space 38400K, 0% used [0x42380000,0x42380000,0x44900000)
 ParOldGen       total 256512K, used 237363K [0x14a80000, 0x24500000, 0x34a80000)
  object space 256512K, 92% used [0x14a80000,0x2324ce60,0x24500000)
 PSPermGen       total 110848K, used 102544K [0x04a80000, 0x0b6c0000, 0x14a80000)
  object space 110848K, 92% used [0x04a80000,0x0aea4088,0x0b6c0000)
Event: 8965.323 GC heap after
Heap after GC invocations=134 (full 8):
 PSYoungGen      total 222464K, used 22229K [0x34a80000, 0x44840000, 0x44a80000)
  eden space 184832K, 0% used [0x34a80000,0x34a80000,0x3ff00000)
  from space 37632K, 59% used [0x42380000,0x43935440,0x44840000)
  to   space 37376K, 0% used [0x3ff00000,0x3ff00000,0x42380000)
 ParOldGen       total 256512K, used 237603K [0x14a80000, 0x24500000, 0x34a80000)
  object space 256512K, 92% used [0x14a80000,0x23288ea0,0x24500000)
 PSPermGen       total 110848K, used 102544K [0x04a80000, 0x0b6c0000, 0x14a80000)
  object space 110848K, 92% used [0x04a80000,0x0aea4088,0x0b6c0000)
}
Event: 9072.153 GC heap before
{Heap before GC invocations=135 (full 8):
 PSYoungGen      total 222464K, used 207061K [0x34a80000, 0x44840000, 0x44a80000)
  eden space 184832K, 100% used [0x34a80000,0x3ff00000,0x3ff00000)
  from space 37632K, 59% used [0x42380000,0x43935440,0x44840000)
  to   space 37376K, 0% used [0x3ff00000,0x3ff00000,0x42380000)
 ParOldGen       total 256512K, used 237603K [0x14a80000, 0x24500000, 0x34a80000)
  object space 256512K, 92% used [0x14a80000,0x23288ea0,0x24500000)
 PSPermGen       total 110848K, used 102552K [0x04a80000, 0x0b6c0000, 0x14a80000)
  object space 110848K, 92% used [0x04a80000,0x0aea6040,0x0b6c0000)
Event: 9072.452 GC heap after
Heap after GC invocations=135 (full 8):
 PSYoungGen      total 222208K, used 28911K [0x34a80000, 0x44a80000, 0x44a80000)
  eden space 184832K, 0% used [0x34a80000,0x34a80000,0x3ff00000)
  from space 37376K, 77% used [0x3ff00000,0x41b3bc08,0x42380000)
  to   space 38912K, 0% used [0x42480000,0x42480000,0x44a80000)
 ParOldGen       total 256512K, used 237859K [0x14a80000, 0x24500000, 0x34a80000)
  object space 256512K, 92% used [0x14a80000,0x232c8e60,0x24500000)
 PSPermGen       total 110848K, used 102552K [0x04a80000, 0x0b6c0000, 0x14a80000)
  object space 110848K, 92% used [0x04a80000,0x0aea6040,0x0b6c0000)
}
Event: 9080.959 GC heap before
{Heap before GC invocations=136 (full 8):
 PSYoungGen      total 222208K, used 213743K [0x34a80000, 0x44a80000, 0x44a80000)
  eden space 184832K, 100% used [0x34a80000,0x3ff00000,0x3ff00000)
  from space 37376K, 77% used [0x3ff00000,0x41b3bc08,0x42380000)
  to   space 38912K, 0% used [0x42480000,0x42480000,0x44a80000)
 ParOldGen       total 256512K, used 237859K [0x14a80000, 0x24500000, 0x34a80000)
  object space 256512K, 92% used [0x14a80000,0x232c8e60,0x24500000)
 PSPermGen       total 110848K, used 102779K [0x04a80000, 0x0b6c0000, 0x14a80000)
  object space 110848K, 92% used [0x04a80000,0x0aedef30,0x0b6c0000)

